

Started GET "/" for 127.0.0.1 at 2015-10-30 17:01:43 -0500
  [1m[36mActiveRecord::SchemaMigration Load (51.0ms)[0m  [1mSELECT `schema_migrations`.* FROM `schema_migrations`[0m
Processing by HomeController#index as HTML
  Rendered home/index.html.erb within layouts/application (11.0ms)
Completed 200 OK in 5702ms (Views: 5701.3ms | ActiveRecord: 0.0ms)


Started GET "/assets/materialize.self-788cc281b482c3bf11b8db739962da46b10f56a60811aad7b3af0081b8816415.css?body=1" for 127.0.0.1 at 2015-10-30 17:01:51 -0500


Started GET "/assets/application.self-e80e8f2318043e8af94dddc2adad5a4f09739a8ebb323b3ab31cd71d45fd9113.css?body=1" for 127.0.0.1 at 2015-10-30 17:01:51 -0500


Started GET "/assets/roboto/Roboto-Regular-b5c9c23bd12593523a46d79dd0aee80e3226bbde4c9ac05fc30a95e2c1510de0.woff2" for 127.0.0.1 at 2015-10-30 17:01:51 -0500


Started GET "/assets/roboto/Roboto-Light-94a0ac8d73bb60a9cbe27a4fa36669104f6ffa37c8ff2df29313a6c0d3b64a75.woff2" for 127.0.0.1 at 2015-10-30 17:01:51 -0500


Started GET "/users/sign_in" for 127.0.0.1 at 2015-10-30 17:01:55 -0500
Processing by Devise::SessionsController#new as HTML
  Rendered devise/shared/_links.html.erb (1.0ms)
  Rendered devise/sessions/new.html.erb within layouts/application (226.0ms)
Completed 200 OK in 403ms (Views: 349.0ms | ActiveRecord: 31.0ms)


Started GET "/profile/show/1" for 127.0.0.1 at 2015-10-30 17:02:09 -0500
Processing by ProfileController#show as HTML
  Parameters: {"id"=>"1"}
  [1m[35mUser Load (15.0ms)[0m  SELECT  `users`.* FROM `users` WHERE `users`.`id` = 1 LIMIT 1
  Rendered profile/show.html.erb within layouts/application (1.0ms)
Completed 200 OK in 171ms (Views: 118.0ms | ActiveRecord: 15.0ms)


Started GET "/profile/edit/1" for 127.0.0.1 at 2015-10-30 17:02:16 -0500
Processing by ProfileController#edit as HTML
  Parameters: {"id"=>"1"}
  [1m[36mUser Load (1.0ms)[0m  [1mSELECT  `users`.* FROM `users` WHERE `users`.`id` = 1 LIMIT 1[0m
  Rendered profile/edit.html.erb within layouts/application (1.0ms)
Completed 200 OK in 139ms (Views: 137.0ms | ActiveRecord: 1.0ms)
